TN:
SF:prisma\client.ts
FNF:0
FNH:0
DA:1,1
DA:3,1
DA:7,1
LF:3
LH:3
BRF:0
BRH:0
end_of_record
TN:
SF:src\routes.ts
FN:8,(anonymous_1)
FN:14,(anonymous_2)
FN:22,(anonymous_3)
FNF:3
FNH:2
FNDA:0,(anonymous_1)
FNDA:1,(anonymous_2)
FNDA:1,(anonymous_3)
DA:1,1
DA:2,1
DA:4,1
DA:6,1
DA:8,1
DA:10,0
DA:14,1
DA:15,1
DA:17,1
DA:19,1
DA:22,1
DA:23,1
DA:25,1
DA:27,1
DA:29,1
DA:33,1
LF:16
LH:15
BRF:0
BRH:0
end_of_record
TN:
SF:src\server.ts
FNF:0
FNH:0
DA:1,1
DA:2,1
DA:4,1
DA:6,1
DA:7,1
DA:9,1
LF:6
LH:6
BRF:0
BRH:0
end_of_record
TN:
SF:src\services\PoolService.ts
FN:5,(anonymous_0)
FN:10,(anonymous_1)
FN:14,(anonymous_2)
FN:30,(anonymous_3)
FN:38,(anonymous_4)
FN:44,(anonymous_5)
FN:48,(anonymous_6)
FNF:7
FNH:3
FNDA:2,(anonymous_0)
FNDA:0,(anonymous_1)
FNDA:1,(anonymous_2)
FNDA:0,(anonymous_3)
FNDA:0,(anonymous_4)
FNDA:0,(anonymous_5)
FNDA:1,(anonymous_6)
DA:4,1
DA:6,2
DA:11,0
DA:15,1
DA:16,1
DA:22,1
DA:24,1
DA:26,0
DA:31,0
DA:39,0
DA:45,0
DA:49,1
LF:12
LH:7
BRDA:22,0,0,0
BRF:1
BRH:0
end_of_record
